  Main.cpp
Main.cpp(232): warning C4244: 'argument': conversion from 'double' to 'GLfloat', possible loss of data
Main.cpp(233): warning C4244: 'argument': conversion from 'double' to 'GLfloat', possible loss of data
Main.cpp(234): warning C4244: 'argument': conversion from 'double' to 'GLfloat', possible loss of data
Main.cpp(235): warning C4244: 'argument': conversion from 'double' to 'GLfloat', possible loss of data
Main.cpp(237): warning C4244: 'argument': conversion from 'double' to 'float', possible loss of data
Main.cpp(243): warning C4244: 'argument': conversion from 'double' to 'GLfloat', possible loss of data
Main.cpp(244): warning C4244: 'argument': conversion from 'double' to 'GLfloat', possible loss of data
Main.cpp(245): warning C4305: '+=': truncation from 'double' to 'float'
Main.cpp(253): warning C4244: 'argument': conversion from 'double' to 'GLfloat', possible loss of data
Main.cpp(254): warning C4244: 'argument': conversion from 'double' to 'GLfloat', possible loss of data
Main.cpp(255): warning C4305: '+=': truncation from 'double' to 'float'
Main.cpp(268): warning C4244: 'initializing': conversion from 'int' to 'float', possible loss of data
Main.cpp(268): warning C4244: 'initializing': conversion from 'int' to 'const float', possible loss of data
Main.cpp(269): warning C4244: 'initializing': conversion from 'float' to 'int', possible loss of data
Main.cpp(269): warning C4244: 'initializing': conversion from 'float' to 'const int', possible loss of data
Main.cpp(326): warning C4101: 'temp': unreferenced local variable
Main.cpp(384): warning C4244: '=': conversion from 'double' to 'float', possible loss of data
Main.cpp(385): warning C4305: '=': truncation from 'double' to 'float'
Main.cpp(389): warning C4305: '+=': truncation from 'double' to 'float'
Main.cpp(391): warning C4305: '-=': truncation from 'double' to 'float'
Main.cpp(394): warning C4305: '+=': truncation from 'double' to 'float'
Main.cpp(419): warning C4244: 'argument': conversion from 'int' to 'float', possible loss of data
Main.cpp(433): warning C4244: 'argument': conversion from 'double' to 'float', possible loss of data
Main.cpp(500): warning C4305: 'argument': truncation from 'double' to 'float'
Main.cpp(501): warning C4244: 'argument': conversion from 'double' to 'float', possible loss of data
Main.cpp(501): warning C4305: 'argument': truncation from 'double' to 'float'
Main.cpp(502): warning C4305: 'argument': truncation from 'double' to 'float'
Main.cpp(504): warning C4305: 'argument': truncation from 'double' to 'float'
Main.cpp(505): warning C4305: 'argument': truncation from 'double' to 'float'
Main.cpp(505): warning C4244: 'argument': conversion from 'double' to 'float', possible loss of data
Main.cpp(508): warning C4244: 'argument': conversion from 'double' to 'float', possible loss of data
Main.cpp(511): warning C4244: 'argument': conversion from 'double' to 'float', possible loss of data
Main.cpp(514): warning C4244: 'argument': conversion from 'double' to 'float', possible loss of data
Main.cpp(520): warning C4244: 'argument': conversion from 'double' to 'float', possible loss of data
Main.cpp(524): warning C4244: 'initializing': conversion from 'double' to 'float', possible loss of data
Main.cpp(527): warning C4244: '=': conversion from 'int' to 'float', possible loss of data
Main.cpp(540): warning C4244: '=': conversion from 'float' to 'int', possible loss of data
Main.cpp(541): warning C4244: '=': conversion from 'float' to 'int', possible loss of data
Main.cpp(542): warning C4244: '=': conversion from 'float' to 'int', possible loss of data
Main.cpp(543): warning C4244: '=': conversion from 'float' to 'int', possible loss of data
Main.cpp(544): warning C4244: '=': conversion from 'float' to 'int', possible loss of data
Main.cpp(545): warning C4244: '=': conversion from 'float' to 'int', possible loss of data
Main.cpp(550): warning C4244: '=': conversion from 'float' to 'int', possible loss of data
Main.cpp(551): warning C4244: '=': conversion from 'float' to 'int', possible loss of data
Main.cpp(552): warning C4244: '=': conversion from 'float' to 'int', possible loss of data
Main.cpp(558): warning C4305: 'argument': truncation from 'double' to 'float'
Main.cpp(596): warning C4305: 'argument': truncation from 'double' to 'float'
Main.cpp(602): warning C4244: 'argument': conversion from 'time_t' to 'unsigned int', possible loss of data
Main.cpp(640): warning C4244: '=': conversion from 'int' to 'float', possible loss of data
Main.cpp(749): warning C4244: '=': conversion from 'double' to 'float', possible loss of data
Main.cpp(757): warning C4244: 'argument': conversion from 'double' to 'GLfloat', possible loss of data
Main.cpp(758): warning C4244: 'argument': conversion from 'double' to 'GLfloat', possible loss of data
Main.cpp(759): warning C4244: 'argument': conversion from 'double' to 'GLfloat', possible loss of data
Main.cpp(760): warning C4244: 'argument': conversion from 'double' to 'GLfloat', possible loss of data
Main.cpp(783): warning C4244: 'argument': conversion from 'double' to 'int', possible loss of data
Main.cpp(807): warning C4305: 'initializing': truncation from 'double' to 'float'
Main.cpp(807): warning C4305: '-=': truncation from 'double' to 'float'
Main.cpp(808): warning C4305: '+=': truncation from 'double' to 'float'
Main.cpp(809): warning C4244: 'initializing': conversion from 'double' to 'float', possible loss of data
Main.cpp(810): warning C4244: 'initializing': conversion from 'double' to 'float', possible loss of data
Main.cpp(811): warning C4244: 'initializing': conversion from 'double' to 'float', possible loss of data
Main.cpp(882): warning C4244: 'argument': conversion from 'float' to 'int', possible loss of data
Main.cpp(885): warning C4244: 'argument': conversion from 'float' to 'int', possible loss of data
Main.cpp(1157): warning C4244: 'argument': conversion from 'float' to 'int', possible loss of data
  Generating code
  1 of 940 functions ( 0.1%) were compiled, the rest were copied from previous compilation.
    0 functions were new in current compilation
    1 functions had inline decision re-evaluated but remain unchanged
  Finished generating code
  sample.vcxproj -> \\ueahome4\stusci2\eck13emu\data\Documents\Computer Science 2017 - 2018\Advanced Programming\humansurvivalsim\Release\sample.exe
